<?xml version="1.0" encoding="utf-8"?>
<UpgradeLog>
  <Settings>
    <Setting Name="LogFile" Value="SVGtoGCODE.log" />
    <Setting Name="GenerateInterfacesForClasses" Value="FALSE" />
    <Setting Name="ProjectName" Value="SVGtoGCODE" />
    <Setting Name="OutputName" Value="SVGtoGCODE.csproj" />
    <Setting Name="OutputDir" Value="C:\Users\M\Desktop\SVG-to-GCode-master_.Net\PreProcessInfo\src\" />
    <Setting Name="ProjectPath" Value="C:\Users\M\Desktop\SVG-to-GCode-master\src\SVGtoGCODE.vbp" />
    <Setting Name="MigrateProjectTo" Value="WinExe" />
  </Settings>
  <File OldPath="C:\Users\M\Desktop\SVG-to-GCode-master\src\form1.frm" NewPath="C:\Users\M\Desktop\SVG-to-GCode-master_.Net\PreProcessInfo\src\form1.cs" FileType="Form" Upgraded="True">
    <Section Name="(Layout)">
      <Issue Type="Design" Number="2064" ObjectName="vbalImageList1" ObjectType="vbalImageList" PME="Images" Qty="1">vbalImageList property vbalImageList1.Images was not upgraded.</Issue>
    </Section>
  </File>
  <File OldPath="C:\Users\M\Desktop\SVG-to-GCode-master\src\Bezier.bas" NewPath="C:\Users\M\Desktop\SVG-to-GCode-master_.Net\PreProcessInfo\src\Bezier.cs" FileType="Module" Upgraded="True" />
  <File OldPath="C:\Users\M\Desktop\SVG-to-GCode-master\src\SVGParse.bas" NewPath="C:\Users\M\Desktop\SVG-to-GCode-master_.Net\PreProcessInfo\src\SVGParse.cs" FileType="Module" Upgraded="True" />
  <File OldPath="C:\Users\M\Desktop\SVG-to-GCode-master\src\Polygons.bas" NewPath="C:\Users\M\Desktop\SVG-to-GCode-master_.Net\PreProcessInfo\src\Polygons.cs" FileType="Module" Upgraded="True" />
  <File OldPath="C:\Users\M\Desktop\SVG-to-GCode-master\src\GeneralFunctions.bas" NewPath="C:\Users\M\Desktop\SVG-to-GCode-master_.Net\PreProcessInfo\src\GeneralFunctions.cs" FileType="Module" Upgraded="True" />
  <File OldPath="C:\Users\M\Desktop\SVG-to-GCode-master\src\frmScale.frm" NewPath="C:\Users\M\Desktop\SVG-to-GCode-master_.Net\PreProcessInfo\src\frmScale.cs" FileType="Form" Upgraded="True" />
  <File OldPath="C:\Users\M\Desktop\SVG-to-GCode-master\src\Rasterize.bas" NewPath="C:\Users\M\Desktop\SVG-to-GCode-master_.Net\PreProcessInfo\src\Rasterize.cs" FileType="Module" Upgraded="True" />
  <File OldPath="C:\Users\M\Desktop\SVG-to-GCode-master\src\ColorCode.bas" NewPath="C:\Users\M\Desktop\SVG-to-GCode-master_.Net\PreProcessInfo\src\ColorCode.cs" FileType="Module" Upgraded="True" />
  <File OldPath="C:\Users\M\Desktop\SVG-to-GCode-master\src\mcPopupMenu.cls" NewPath="C:\Users\M\Desktop\SVG-to-GCode-master_.Net\PreProcessInfo\src\mcPopupMenu.cs" FileType="Class Module" Upgraded="True" />
  <File OldPath="C:\Users\M\Desktop\SVG-to-GCode-master\src\frmTile.frm" NewPath="C:\Users\M\Desktop\SVG-to-GCode-master_.Net\PreProcessInfo\src\frmTile.cs" FileType="Form" Upgraded="True" />
  <File OldPath="C:\Users\M\Desktop\SVG-to-GCode-master\src\frmExport.frm" NewPath="C:\Users\M\Desktop\SVG-to-GCode-master_.Net\PreProcessInfo\src\frmExport.cs" FileType="Form" Upgraded="True" />
</UpgradeLog>

